Traceback (most recent call last):
  File "/usr/share/miniconda3/envs/hackweek/lib/python3.9/site-packages/jupyter_cache/executors/utils.py", line 51, in single_nb_execution
    executenb(
  File "/usr/share/miniconda3/envs/hackweek/lib/python3.9/site-packages/nbclient/client.py", line 1204, in execute
    return NotebookClient(nb=nb, resources=resources, km=km, **kwargs).execute()
  File "/usr/share/miniconda3/envs/hackweek/lib/python3.9/site-packages/nbclient/util.py", line 84, in wrapped
    return just_run(coro(*args, **kwargs))
  File "/usr/share/miniconda3/envs/hackweek/lib/python3.9/site-packages/nbclient/util.py", line 62, in just_run
    return loop.run_until_complete(coro)
  File "/usr/share/miniconda3/envs/hackweek/lib/python3.9/asyncio/base_events.py", line 642, in run_until_complete
    return future.result()
  File "/usr/share/miniconda3/envs/hackweek/lib/python3.9/site-packages/nbclient/client.py", line 663, in async_execute
    await self.async_execute_cell(
  File "/usr/share/miniconda3/envs/hackweek/lib/python3.9/site-packages/nbclient/client.py", line 965, in async_execute_cell
    await self._check_raise_for_error(cell, cell_index, exec_reply)
  File "/usr/share/miniconda3/envs/hackweek/lib/python3.9/site-packages/nbclient/client.py", line 862, in _check_raise_for_error
    raise CellExecutionError.from_cell_and_msg(cell, exec_reply_content)
nbclient.exceptions.CellExecutionError: An error occurred while executing the following cell:
------------------
myTermini = {}
for url in myTerminusUrls.getURLS():
    print('.', end='')
    year = os.path.basename(url).split('_')[1]  # Extract year from name
    myTermini[year] = gpd.read_file(f'/vsicurl/&url={url}')  # Add terminus to data frame
------------------

[0;31m---------------------------------------------------------------------------[0m
[0;31mCPLE_OpenFailedError[0m                      Traceback (most recent call last)
File [0;32mfiona/_shim.pyx:83[0m, in [0;36mfiona._shim.gdal_open_vector[0;34m()[0m

File [0;32mfiona/_err.pyx:291[0m, in [0;36mfiona._err.exc_wrap_pointer[0;34m()[0m

[0;31mCPLE_OpenFailedError[0m: '/vsicurl/&url=https://n5eil01u.ecs.nsidc.org/DP4/MEASURES/NSIDC-0642.002/2000.09.30/termini_2000_2001_v02.0.shp' not recognized as a supported file format.

During handling of the above exception, another exception occurred:

[0;31mDriverError[0m                               Traceback (most recent call last)
Input [0;32mIn [7][0m, in [0;36m<cell line: 2>[0;34m()[0m
[1;32m      3[0m [38;5;28mprint[39m([38;5;124m'[39m[38;5;124m.[39m[38;5;124m'[39m, end[38;5;241m=[39m[38;5;124m'[39m[38;5;124m'[39m)
[1;32m      4[0m year [38;5;241m=[39m os[38;5;241m.[39mpath[38;5;241m.[39mbasename(url)[38;5;241m.[39msplit([38;5;124m'[39m[38;5;124m_[39m[38;5;124m'[39m)[[38;5;241m1[39m]  [38;5;66;03m# Extract year from name[39;00m
[0;32m----> 5[0m myTermini[year] [38;5;241m=[39m [43mgpd[49m[38;5;241;43m.[39;49m[43mread_file[49m[43m([49m[38;5;124;43mf[39;49m[38;5;124;43m'[39;49m[38;5;124;43m/vsicurl/&url=[39;49m[38;5;132;43;01m{[39;49;00m[43murl[49m[38;5;132;43;01m}[39;49;00m[38;5;124;43m'[39;49m[43m)[49m

File [0;32m/usr/share/miniconda3/envs/hackweek/lib/python3.9/site-packages/geopandas/io/file.py:201[0m, in [0;36m_read_file[0;34m(filename, bbox, mask, rows, **kwargs)[0m
[1;32m    198[0m     reader [38;5;241m=[39m fiona[38;5;241m.[39mopen
[1;32m    200[0m [38;5;28;01mwith[39;00m fiona_env():
[0;32m--> 201[0m     [38;5;28;01mwith[39;00m [43mreader[49m[43m([49m[43mpath_or_bytes[49m[43m,[49m[43m [49m[38;5;241;43m*[39;49m[38;5;241;43m*[39;49m[43mkwargs[49m[43m)[49m [38;5;28;01mas[39;00m features:
[1;32m    202[0m 
[1;32m    203[0m         [38;5;66;03m# In a future Fiona release the crs attribute of features will[39;00m
[1;32m    204[0m         [38;5;66;03m# no longer be a dict, but will behave like a dict. So this should[39;00m
[1;32m    205[0m         [38;5;66;03m# be forwards compatible[39;00m
[1;32m    206[0m         crs [38;5;241m=[39m (
[1;32m    207[0m             features[38;5;241m.[39mcrs[[38;5;124m"[39m[38;5;124minit[39m[38;5;124m"[39m]
[1;32m    208[0m             [38;5;28;01mif[39;00m features[38;5;241m.[39mcrs [38;5;129;01mand[39;00m [38;5;124m"[39m[38;5;124minit[39m[38;5;124m"[39m [38;5;129;01min[39;00m features[38;5;241m.[39mcrs
[1;32m    209[0m             [38;5;28;01melse[39;00m features[38;5;241m.[39mcrs_wkt
[1;32m    210[0m         )
[1;32m    212[0m         [38;5;66;03m# handle loading the bounding box[39;00m

File [0;32m/usr/share/miniconda3/envs/hackweek/lib/python3.9/site-packages/fiona/env.py:408[0m, in [0;36mensure_env_with_credentials.<locals>.wrapper[0;34m(*args, **kwargs)[0m
[1;32m    405[0m [38;5;129m@wraps[39m(f)
[1;32m    406[0m [38;5;28;01mdef[39;00m [38;5;21mwrapper[39m([38;5;241m*[39margs, [38;5;241m*[39m[38;5;241m*[39mkwargs):
[1;32m    407[0m     [38;5;28;01mif[39;00m local[38;5;241m.[39m_env:
[0;32m--> 408[0m         [38;5;28;01mreturn[39;00m [43mf[49m[43m([49m[38;5;241;43m*[39;49m[43margs[49m[43m,[49m[43m [49m[38;5;241;43m*[39;49m[38;5;241;43m*[39;49m[43mkwargs[49m[43m)[49m
[1;32m    409[0m     [38;5;28;01melse[39;00m:
[1;32m    410[0m         [38;5;28;01mif[39;00m [38;5;28misinstance[39m(args[[38;5;241m0[39m], [38;5;28mstr[39m):

File [0;32m/usr/share/miniconda3/envs/hackweek/lib/python3.9/site-packages/fiona/__init__.py:264[0m, in [0;36mopen[0;34m(fp, mode, driver, schema, crs, encoding, layer, vfs, enabled_drivers, crs_wkt, **kwargs)[0m
[1;32m    261[0m     path [38;5;241m=[39m parse_path(fp)
[1;32m    263[0m [38;5;28;01mif[39;00m mode [38;5;129;01min[39;00m ([38;5;124m'[39m[38;5;124ma[39m[38;5;124m'[39m, [38;5;124m'[39m[38;5;124mr[39m[38;5;124m'[39m):
[0;32m--> 264[0m     c [38;5;241m=[39m [43mCollection[49m[43m([49m[43mpath[49m[43m,[49m[43m [49m[43mmode[49m[43m,[49m[43m [49m[43mdriver[49m[38;5;241;43m=[39;49m[43mdriver[49m[43m,[49m[43m [49m[43mencoding[49m[38;5;241;43m=[39;49m[43mencoding[49m[43m,[49m
[1;32m    265[0m [43m                   [49m[43mlayer[49m[38;5;241;43m=[39;49m[43mlayer[49m[43m,[49m[43m [49m[43menabled_drivers[49m[38;5;241;43m=[39;49m[43menabled_drivers[49m[43m,[49m[43m [49m[38;5;241;43m*[39;49m[38;5;241;43m*[39;49m[43mkwargs[49m[43m)[49m
[1;32m    266[0m [38;5;28;01melif[39;00m mode [38;5;241m==[39m [38;5;124m'[39m[38;5;124mw[39m[38;5;124m'[39m:
[1;32m    267[0m     [38;5;28;01mif[39;00m schema:
[1;32m    268[0m         [38;5;66;03m# Make an ordered dict of schema properties.[39;00m

File [0;32m/usr/share/miniconda3/envs/hackweek/lib/python3.9/site-packages/fiona/collection.py:162[0m, in [0;36mCollection.__init__[0;34m(self, path, mode, driver, schema, crs, encoding, layer, vsi, archive, enabled_drivers, crs_wkt, ignore_fields, ignore_geometry, **kwargs)[0m
[1;32m    160[0m [38;5;28;01mif[39;00m [38;5;28mself[39m[38;5;241m.[39mmode [38;5;241m==[39m [38;5;124m'[39m[38;5;124mr[39m[38;5;124m'[39m:
[1;32m    161[0m     [38;5;28mself[39m[38;5;241m.[39msession [38;5;241m=[39m Session()
[0;32m--> 162[0m     [38;5;28;43mself[39;49m[38;5;241;43m.[39;49m[43msession[49m[38;5;241;43m.[39;49m[43mstart[49m[43m([49m[38;5;28;43mself[39;49m[43m,[49m[43m [49m[38;5;241;43m*[39;49m[38;5;241;43m*[39;49m[43mkwargs[49m[43m)[49m
[1;32m    163[0m [38;5;28;01melif[39;00m [38;5;28mself[39m[38;5;241m.[39mmode [38;5;129;01min[39;00m ([38;5;124m'[39m[38;5;124ma[39m[38;5;124m'[39m, [38;5;124m'[39m[38;5;124mw[39m[38;5;124m'[39m):
[1;32m    164[0m     [38;5;28mself[39m[38;5;241m.[39msession [38;5;241m=[39m WritingSession()

File [0;32mfiona/ogrext.pyx:540[0m, in [0;36mfiona.ogrext.Session.start[0;34m()[0m

File [0;32mfiona/_shim.pyx:90[0m, in [0;36mfiona._shim.gdal_open_vector[0;34m()[0m

[0;31mDriverError[0m: '/vsicurl/&url=https://n5eil01u.ecs.nsidc.org/DP4/MEASURES/NSIDC-0642.002/2000.09.30/termini_2000_2001_v02.0.shp' not recognized as a supported file format.
DriverError: '/vsicurl/&url=https://n5eil01u.ecs.nsidc.org/DP4/MEASURES/NSIDC-0642.002/2000.09.30/termini_2000_2001_v02.0.shp' not recognized as a supported file format.

